<?xml version="1.0" encoding="UTF-8"?>
<testsuite xmlns:xsi="http://www.w3.org/2001/XMLSchema-instance" xsi:noNamespaceSchemaLocation="https://maven.apache.org/surefire/maven-surefire-plugin/xsd/surefire-test-report-3.0.xsd" version="3.0" name="br.com.alurafood.orders.OrdersApplicationTests" time="6.131" tests="1" errors="0" skipped="0" failures="0">
  <properties>
[...]
</properties>
  <testcase name="contextLoads" classname="br.com.alurafood.orders.OrdersApplicationTests" time="0.515">
    <system-out><![CDATA[18:29:21.914 [main] INFO org.springframework.test.context.support.AnnotationConfigContextLoaderUtils -- Could not detect default configuration classes for test class [br.com.alurafood.orders.OrdersApplicationTests]: OrdersApplicationTests does not declare any static, non-private, non-final, nested classes annotated with @Configuration.
18:29:22.007 [main] INFO org.springframework.boot.test.context.SpringBootTestContextBootstrapper -- Found @SpringBootConfiguration br.com.alurafood.orders.OrdersApplication for test class br.com.alurafood.orders.OrdersApplicationTests
18:29:22.201 [main] INFO org.springframework.boot.devtools.restart.RestartApplicationListener -- Restart disabled due to context in which it is running

  .   ____          _            __ _ _
 /\\ / ___'_ __ _ _(_)_ __  __ _ \ \ \ \
( ( )\___ | '_ | '_| | '_ \/ _` | \ \ \ \
 \\/  ___)| |_)| | | | | || (_| |  ) ) ) )
  '  |____| .__|_| |_|_| |_\__, | / / / /
 =========|_|==============|___/=/_/_/_/
 :: Spring Boot ::                (v3.2.5)

2024-05-13T18:29:22.475-03:00  INFO 19348 --- [orders-ms] [           main] b.c.a.orders.OrdersApplicationTests      : Starting OrdersApplicationTests using Java 21.0.2 with PID 19348 (started by Particular in D:\Alura\Java_alura\orders)
2024-05-13T18:29:22.476-03:00  INFO 19348 --- [orders-ms] [           main] b.c.a.orders.OrdersApplicationTests      : No active profile set, falling back to 1 default profile: "default"
2024-05-13T18:29:23.239-03:00  INFO 19348 --- [orders-ms] [           main] .s.d.r.c.RepositoryConfigurationDelegate : Bootstrapping Spring Data JPA repositories in DEFAULT mode.
2024-05-13T18:29:23.300-03:00  INFO 19348 --- [orders-ms] [           main] .s.d.r.c.RepositoryConfigurationDelegate : Finished Spring Data repository scanning in 52 ms. Found 1 JPA repository interface.
2024-05-13T18:29:23.790-03:00  INFO 19348 --- [orders-ms] [           main] com.zaxxer.hikari.HikariDataSource       : HikariPool-1 - Starting...
2024-05-13T18:29:24.245-03:00  INFO 19348 --- [orders-ms] [           main] com.zaxxer.hikari.pool.HikariPool        : HikariPool-1 - Added connection com.mysql.cj.jdbc.ConnectionImpl@268c030f
2024-05-13T18:29:24.248-03:00  INFO 19348 --- [orders-ms] [           main] com.zaxxer.hikari.HikariDataSource       : HikariPool-1 - Start completed.
2024-05-13T18:29:24.358-03:00  INFO 19348 --- [orders-ms] [           main] o.f.c.internal.license.VersionPrinter    : Flyway Community Edition 9.22.3 by Redgate
2024-05-13T18:29:24.358-03:00  INFO 19348 --- [orders-ms] [           main] o.f.c.internal.license.VersionPrinter    : See release notes here: https://rd.gt/416ObMi
2024-05-13T18:29:24.358-03:00  INFO 19348 --- [orders-ms] [           main] o.f.c.internal.license.VersionPrinter    : 
2024-05-13T18:29:24.399-03:00  INFO 19348 --- [orders-ms] [           main] org.flywaydb.core.FlywayExecutor         : Database: jdbc:mysql://localhost:3306/alurafood-orders (MySQL 8.4)
2024-05-13T18:29:24.417-03:00  WARN 19348 --- [orders-ms] [           main] o.f.c.internal.database.base.Database    : Flyway upgrade recommended: MySQL 8.4 is newer than this version of Flyway and support has not been tested. The latest supported version of MySQL is 8.0.
2024-05-13T18:29:24.478-03:00  INFO 19348 --- [orders-ms] [           main] o.f.core.internal.command.DbValidate     : Successfully validated 2 migrations (execution time 00:00.044s)
2024-05-13T18:29:24.507-03:00  INFO 19348 --- [orders-ms] [           main] o.f.core.internal.command.DbMigrate      : Current version of schema `alurafood-orders`: 2.0
2024-05-13T18:29:24.511-03:00  INFO 19348 --- [orders-ms] [           main] o.f.core.internal.command.DbMigrate      : Schema `alurafood-orders` is up to date. No migration necessary.
2024-05-13T18:29:24.684-03:00  INFO 19348 --- [orders-ms] [           main] o.hibernate.jpa.internal.util.LogHelper  : HHH000204: Processing PersistenceUnitInfo [name: default]
2024-05-13T18:29:24.781-03:00  INFO 19348 --- [orders-ms] [           main] org.hibernate.Version                    : HHH000412: Hibernate ORM core version 6.4.4.Final
2024-05-13T18:29:24.818-03:00  INFO 19348 --- [orders-ms] [           main] o.h.c.internal.RegionFactoryInitiator    : HHH000026: Second-level cache disabled
2024-05-13T18:29:25.051-03:00  INFO 19348 --- [orders-ms] [           main] o.s.o.j.p.SpringPersistenceUnitInfo      : No LoadTimeWeaver setup: ignoring JPA class transformer
2024-05-13T18:29:25.959-03:00  INFO 19348 --- [orders-ms] [           main] o.h.e.t.j.p.i.JtaPlatformInitiator       : HHH000489: No JTA platform available (set 'hibernate.transaction.jta.platform' to enable JTA platform integration)
2024-05-13T18:29:25.962-03:00  INFO 19348 --- [orders-ms] [           main] j.LocalContainerEntityManagerFactoryBean : Initialized JPA EntityManagerFactory for persistence unit 'default'
2024-05-13T18:29:26.272-03:00  INFO 19348 --- [orders-ms] [           main] o.s.d.j.r.query.QueryEnhancerFactory     : Hibernate is in classpath; If applicable, HQL parser will be used.
2024-05-13T18:29:26.888-03:00  WARN 19348 --- [orders-ms] [           main] JpaBaseConfiguration$JpaWebConfiguration : spring.jpa.open-in-view is enabled by default. Therefore, database queries may be performed during view rendering. Explicitly configure spring.jpa.open-in-view to disable this warning
2024-05-13T18:29:27.335-03:00  INFO 19348 --- [orders-ms] [           main] b.c.a.orders.OrdersApplicationTests      : Started OrdersApplicationTests in 5.154 seconds (process running for 6.16)
]]></system-out>
    <system-err><![CDATA[WARNING: A Java agent has been loaded dynamically (C:\Users\Particular\.m2\repository\net\bytebuddy\byte-buddy-agent\1.14.13\byte-buddy-agent-1.14.13.jar)
WARNING: If a serviceability tool is in use, please run with -XX:+EnableDynamicAgentLoading to hide this warning
WARNING: If a serviceability tool is not in use, please run with -Djdk.instrument.traceUsage for more information
WARNING: Dynamic loading of agents will be disallowed by default in a future release
]]></system-err>
  </testcase>
</testsuite>